<?xml version="1.0" encoding="UTF-8"?>
<!-- Generated by org.testng.reporters.JUnitReportReporter -->
<testsuite skipped="0" hostname="JASON-PC" name="com.TestScript.LoginModule" tests="1" failures="0" timestamp="08 Sep 2017 03:43:03 GMT" time="38.046" errors="0">
  <testcase name="Logintoappli" time="38.046" classname="com.TestScript.LoginModule"/>
</testsuite> <!-- com.TestScript.LoginModule -->
