<?xml version="1.0" encoding="UTF-8"?>
<!-- Generated by org.testng.reporters.JUnitReportReporter -->
<testsuite skipped="0" hostname="JASON-PC" name="com.Library.TestngAnnotation" tests="3" failures="0" timestamp="06 Sep 2017 03:03:44 GMT" time="0.009" errors="0">
  <testcase name="login" time="0.005" classname="com.Library.TestngAnnotation"/>
  <testcase name="verifyHome" time="0.001" classname="com.Library.TestngAnnotation"/>
  <testcase name="logout" time="0.003" classname="com.Library.TestngAnnotation"/>
</testsuite> <!-- com.Library.TestngAnnotation -->
